{
  "0 debug pnpm:scope": {
    "selected": 1
  },
  "1 debug pnpm:package-manifest": {
    "initial": {
      "name": "my-app",
      "version": "0.0.1",
      "scripts": {
        "dev": "vite dev",
        "build": "vite build",
        "package": "svelte-kit package",
        "preview": "vite preview",
        "prepare": "svelte-kit sync",
        "test": "playwright test",
        "check": "svelte-check --tsconfig ./tsconfig.json",
        "check:watch": "svelte-check --tsconfig ./tsconfig.json --watch",
        "lint": "prettier --check --plugin-search-dir=. . && eslint .",
        "format": "prettier --write --plugin-search-dir=. ."
      },
      "devDependencies": {
        "@playwright/test": "^1.22.2",
        "@sveltejs/adapter-auto": "next",
        "@sveltejs/kit": "next",
        "@typescript-eslint/eslint-plugin": "^5.27.0",
        "@typescript-eslint/parser": "^5.27.0",
        "eslint": "^8.16.0",
        "eslint-config-prettier": "^8.3.0",
        "eslint-plugin-svelte3": "^4.0.0",
        "prettier": "^2.6.2",
        "prettier-plugin-svelte": "^2.7.0",
        "svelte": "^3.44.0",
        "svelte-check": "^2.7.1",
        "svelte-preprocess": "^4.10.6",
        "tslib": "^2.3.1",
        "typescript": "^4.7.4",
        "vite": "^3.0.0"
      },
      "type": "module"
    },
    "prefix": "C:\\Users\\alen\\Documents\\GitHub\\v2\\voidless"
  },
  "2 debug pnpm:context": {
    "currentLockfileExists": false,
    "storeDir": "C:\\Users\\alen\\.pnpm-store\\v3",
    "virtualStoreDir": "C:\\Users\\alen\\Documents\\GitHub\\v2\\voidless\\node_modules\\.pnpm"
  },
  "3 debug pnpm:stage": {
    "prefix": "C:\\Users\\alen\\Documents\\GitHub\\v2\\voidless",
    "stage": "resolution_started"
  },
  "4 debug pnpm:_dependency_resolved": {
    "resolution": "registry.npmjs.org/eslint-config-prettier/8.5.0",
    "wanted": {
      "dependentId": ".",
      "name": "eslint-config-prettier",
      "rawSpec": "^8.3.0"
    }
  },
  "5 debug pnpm:progress": {
    "packageId": "registry.npmjs.org/eslint-config-prettier/8.5.0",
    "requester": "C:\\Users\\alen\\Documents\\GitHub\\v2\\voidless",
    "status": "resolved"
  },
  "6 debug pnpm:progress": {
    "packageId": "registry.npmjs.org/eslint-config-prettier/8.5.0",
    "requester": "C:\\Users\\alen\\Documents\\GitHub\\v2\\voidless",
    "status": "found_in_store"
  },
  "7 debug pnpm:_dependency_resolved": {
    "resolution": "registry.npmjs.org/tslib/2.4.0",
    "wanted": {
      "dependentId": ".",
      "name": "tslib",
      "rawSpec": "^2.3.1"
    }
  },
  "8 debug pnpm:progress": {
    "packageId": "registry.npmjs.org/tslib/2.4.0",
    "requester": "C:\\Users\\alen\\Documents\\GitHub\\v2\\voidless",
    "status": "resolved"
  },
  "9 debug pnpm:progress": {
    "packageId": "registry.npmjs.org/tslib/2.4.0",
    "requester": "C:\\Users\\alen\\Documents\\GitHub\\v2\\voidless",
    "status": "found_in_store"
  },
  "10 debug pnpm:_dependency_resolved": {
    "resolution": "registry.npmjs.org/eslint-plugin-svelte3/4.0.0",
    "wanted": {
      "dependentId": ".",
      "name": "eslint-plugin-svelte3",
      "rawSpec": "^4.0.0"
    }
  },
  "11 debug pnpm:progress": {
    "packageId": "registry.npmjs.org/eslint-plugin-svelte3/4.0.0",
    "requester": "C:\\Users\\alen\\Documents\\GitHub\\v2\\voidless",
    "status": "resolved"
  },
  "12 debug pnpm:progress": {
    "packageId": "registry.npmjs.org/eslint-plugin-svelte3/4.0.0",
    "requester": "C:\\Users\\alen\\Documents\\GitHub\\v2\\voidless",
    "status": "found_in_store"
  },
  "13 debug pnpm:_dependency_resolved": {
    "resolution": "registry.npmjs.org/prettier/2.7.1",
    "wanted": {
      "dependentId": ".",
      "name": "prettier",
      "rawSpec": "^2.6.2"
    }
  },
  "14 debug pnpm:progress": {
    "packageId": "registry.npmjs.org/prettier/2.7.1",
    "requester": "C:\\Users\\alen\\Documents\\GitHub\\v2\\voidless",
    "status": "resolved"
  },
  "15 debug pnpm:progress": {
    "packageId": "registry.npmjs.org/prettier/2.7.1",
    "requester": "C:\\Users\\alen\\Documents\\GitHub\\v2\\voidless",
    "status": "found_in_store"
  },
  "16 debug pnpm:_dependency_resolved": {
    "resolution": "registry.npmjs.org/prettier-plugin-svelte/2.7.0",
    "wanted": {
      "dependentId": ".",
      "name": "prettier-plugin-svelte",
      "rawSpec": "^2.7.0"
    }
  },
  "17 debug pnpm:progress": {
    "packageId": "registry.npmjs.org/prettier-plugin-svelte/2.7.0",
    "requester": "C:\\Users\\alen\\Documents\\GitHub\\v2\\voidless",
    "status": "resolved"
  },
  "18 debug pnpm:progress": {
    "packageId": "registry.npmjs.org/prettier-plugin-svelte/2.7.0",
    "requester": "C:\\Users\\alen\\Documents\\GitHub\\v2\\voidless",
    "status": "found_in_store"
  },
  "19 debug pnpm:_dependency_resolved": {
    "resolution": "registry.npmjs.org/@sveltejs/adapter-auto/1.0.0-next.60",
    "wanted": {
      "dependentId": ".",
      "name": "@sveltejs/adapter-auto",
      "rawSpec": "next"
    }
  },
  "20 debug pnpm:progress": {
    "packageId": "registry.npmjs.org/@sveltejs/adapter-auto/1.0.0-next.60",
    "requester": "C:\\Users\\alen\\Documents\\GitHub\\v2\\voidless",
    "status": "resolved"
  },
  "21 debug pnpm:_dependency_resolved": {
    "resolution": "registry.npmjs.org/svelte-check/2.8.0",
    "wanted": {
      "dependentId": ".",
      "name": "svelte-check",
      "rawSpec": "^2.7.1"
    }
  },
  "22 debug pnpm:progress": {
    "packageId": "registry.npmjs.org/svelte-check/2.8.0",
    "requester": "C:\\Users\\alen\\Documents\\GitHub\\v2\\voidless",
    "status": "resolved"
  },
  "23 debug pnpm:progress": {
    "packageId": "registry.npmjs.org/svelte-check/2.8.0",
    "requester": "C:\\Users\\alen\\Documents\\GitHub\\v2\\voidless",
    "status": "found_in_store"
  },
  "24 debug pnpm:_dependency_resolved": {
    "resolution": "registry.npmjs.org/ethers/5.6.9",
    "wanted": {
      "dependentId": ".",
      "name": "ethers",
      "rawSpec": "latest"
    }
  },
  "25 debug pnpm:progress": {
    "packageId": "registry.npmjs.org/ethers/5.6.9",
    "requester": "C:\\Users\\alen\\Documents\\GitHub\\v2\\voidless",
    "status": "resolved"
  },
  "26 debug pnpm:_dependency_resolved": {
    "resolution": "registry.npmjs.org/svelte-preprocess/4.10.7",
    "wanted": {
      "dependentId": ".",
      "name": "svelte-preprocess",
      "rawSpec": "^4.10.6"
    }
  },
  "27 debug pnpm:progress": {
    "packageId": "registry.npmjs.org/svelte-preprocess/4.10.7",
    "requester": "C:\\Users\\alen\\Documents\\GitHub\\v2\\voidless",
    "status": "resolved"
  },
  "28 debug pnpm:progress": {
    "packageId": "registry.npmjs.org/ethers/5.6.9",
    "requester": "C:\\Users\\alen\\Documents\\GitHub\\v2\\voidless",
    "status": "found_in_store"
  },
  "29 debug pnpm:progress": {
    "packageId": "registry.npmjs.org/svelte-preprocess/4.10.7",
    "requester": "C:\\Users\\alen\\Documents\\GitHub\\v2\\voidless",
    "status": "found_in_store"
  },
  "30 debug pnpm:fetching-progress": {
    "attempt": 1,
    "packageId": "registry.npmjs.org/@sveltejs/adapter-auto/1.0.0-next.60",
    "size": 2472,
    "status": "started"
  },
  "31 debug pnpm:progress": {
    "packageId": "registry.npmjs.org/@sveltejs/adapter-auto/1.0.0-next.60",
    "requester": "C:\\Users\\alen\\Documents\\GitHub\\v2\\voidless",
    "status": "fetched"
  },
  "32 debug pnpm:_dependency_resolved": {
    "resolution": "registry.npmjs.org/eslint/8.19.0",
    "wanted": {
      "dependentId": ".",
      "name": "eslint",
      "rawSpec": "^8.16.0"
    }
  },
  "33 debug pnpm:progress": {
    "packageId": "registry.npmjs.org/eslint/8.19.0",
    "requester": "C:\\Users\\alen\\Documents\\GitHub\\v2\\voidless",
    "status": "resolved"
  },
  "34 debug pnpm:progress": {
    "packageId": "registry.npmjs.org/eslint/8.19.0",
    "requester": "C:\\Users\\alen\\Documents\\GitHub\\v2\\voidless",
    "status": "found_in_store"
  },
  "35 debug pnpm:_dependency_resolved": {
    "resolution": "registry.npmjs.org/svelte/3.49.0",
    "wanted": {
      "dependentId": ".",
      "name": "svelte",
      "rawSpec": "^3.44.0"
    }
  },
  "36 debug pnpm:progress": {
    "packageId": "registry.npmjs.org/svelte/3.49.0",
    "requester": "C:\\Users\\alen\\Documents\\GitHub\\v2\\voidless",
    "status": "resolved"
  },
  "37 debug pnpm:progress": {
    "packageId": "registry.npmjs.org/svelte/3.49.0",
    "requester": "C:\\Users\\alen\\Documents\\GitHub\\v2\\voidless",
    "status": "found_in_store"
  },
  "38 warn pnpm:install-check": {
    "message": "Unsupported engine for registry.npmjs.org/@sveltejs/kit/1.0.0-next.375: wanted: {\"node\":\">=16.9\"} (current: {\"node\":\"v14.17.0\",\"pnpm\":\"6.32.3\"})",
    "prefix": "C:\\Users\\alen\\Documents\\GitHub\\v2\\voidless"
  },
  "39 error pnpm": {
    "code": "ERR_PNPM_UNSUPPORTED_ENGINE",
    "packageId": "registry.npmjs.org/@sveltejs/kit/1.0.0-next.375",
    "wanted": {
      "node": ">=16.9"
    },
    "current": {
      "node": "v14.17.0",
      "pnpm": "6.32.3"
    },
    "pkgsStack": [],
    "err": {
      "name": "pnpm",
      "message": "Unsupported engine for registry.npmjs.org/@sveltejs/kit/1.0.0-next.375: wanted: {\"node\":\">=16.9\"} (current: {\"node\":\"v14.17.0\",\"pnpm\":\"6.32.3\"})",
      "code": "ERR_PNPM_UNSUPPORTED_ENGINE",
      "stack": "pnpm: Unsupported engine for registry.npmjs.org/@sveltejs/kit/1.0.0-next.375: wanted: {\"node\":\">=16.9\"} (current: {\"node\":\"v14.17.0\",\"pnpm\":\"6.32.3\"})\n    at checkEngine (C:\\snapshot\\dist\\pnpm.cjs)\n    at checkPackage (C:\\snapshot\\dist\\pnpm.cjs)\n    at packageIsInstallable (C:\\snapshot\\dist\\pnpm.cjs)\n    at resolveAndFetch (C:\\snapshot\\dist\\pnpm.cjs)\n    at processTicksAndRejections (internal/process/task_queues.js:95:5)\n    at async resolveDependency (C:\\snapshot\\dist\\pnpm.cjs)\n    at async resolveDependenciesOfDependency (C:\\snapshot\\dist\\pnpm.cjs)\n    at async Promise.all (index 3)\n    at async resolveDependencies (C:\\snapshot\\dist\\pnpm.cjs)\n    at async C:\\snapshot\\dist\\pnpm.cjs"
    }
  }
}